<?xml version="1.0" encoding="UTF-8"?>
<!-- Generated by org.testng.reporters.JUnitReportReporter -->
<testsuite hostname="E1-571G" failures="0" tests="5" name="TestNGmodule.TestNG.TestNGDemo1" time="158.589" errors="0" timestamp="2021-11-17T15:29:11 IST" skipped="0">
  <testcase classname="TestNGmodule.TestNG.TestNGDemo1" name="validateTitle" time="49.186"/>
  <system-out/>
  <testcase classname="TestNGmodule.TestNG.TestNGDemo1" name="validateLoginPanel" time="39.916"/>
  <system-out/>
  <testcase classname="TestNGmodule.TestNG.TestNGDemo1" name="validateUsername" time="14.878"/>
  <system-out/>
  <testcase classname="TestNGmodule.TestNG.TestNGDemo1" name="validateRecord" time="23.355"/>
  <system-out/>
  <testcase classname="TestNGmodule.TestNG.TestNGDemo1" name="validateRec" time="31.254"/>
  <system-out/>
</testsuite> <!-- TestNGmodule.TestNG.TestNGDemo1 -->
