<?xml version="1.0" encoding="UTF-8"?>
<!-- Generated by org.testng.reporters.JUnitReportReporter -->
<testsuite hostname="E1-571G" failures="0" tests="3" name="TestNGmodule.TestNG.TestNGdemo" time="0.120" errors="0" timestamp="2021-11-17T09:28:45 IST" skipped="0">
  <testcase classname="TestNGmodule.TestNG.TestNGdemo" name="password" time="0.004"/>
  <system-out/>
  <testcase classname="TestNGmodule.TestNG.TestNGdemo" name="login" time="0.005"/>
  <system-out/>
  <testcase classname="TestNGmodule.TestNG.TestNGdemo" name="homepagevalidation" time="0.111"/>
  <system-out/>
</testsuite> <!-- TestNGmodule.TestNG.TestNGdemo -->
