<?xml version="1.0" encoding="UTF-8"?>
<!-- Generated by org.testng.reporters.JUnitReportReporter -->
<testsuite hostname="E1-571G" failures="0" tests="1" name="testNGDemo.WebLogin" time="0.014" errors="0" timestamp="2021-11-17T17:52:42 IST" skipped="0">
  <testcase classname="testNGDemo.WebLogin" name="weblogin" time="0.014"/>
  <system-out/>
</testsuite> <!-- testNGDemo.WebLogin -->
