<?xml version="1.0" encoding="UTF-8"?>
<!-- Generated by org.testng.reporters.JUnitReportReporter -->
<testsuite hostname="E1-571G" failures="0" tests="1" name="APITesting.Get_API_Test" time="32.809" errors="0" timestamp="2021-11-24T14:19:46 IST" skipped="0">
  <testcase classname="APITesting.Get_API_Test" name="get_Test_BDD" time="32.809"/>
  <system-out/>
</testsuite> <!-- APITesting.Get_API_Test -->
