<?xml version="1.0" encoding="UTF-8"?>
<!-- Generated by org.testng.reporters.JUnitReportReporter -->
<testsuite hostname="E1-571G" failures="0" tests="1" name="APITesting.post_API_Test" time="24.577" errors="0" timestamp="2021-11-24T14:53:28 IST" skipped="0">
  <testcase classname="APITesting.post_API_Test" name="post_API" time="24.577"/>
  <system-out/>
</testsuite> <!-- APITesting.post_API_Test -->
